{
  "functions": [
    {
      "name": "bin_pow",
      "args": [
        {
          "name": "cc-rename-x",
          "type": "int"
        },
        {
          "name": "cc-rename-n",
          "type": "int"
        },
        {
          "name": "cc-rename-acc",
          "type": "int"
        }
      ],
      "instrs": [
        {
          "op": "id",
          "dest": "cc-rename-x",
          "type": "int",
          "args": [
            "cc-param-0"
          ]
        },
        {
          "op": "id",
          "dest": "cc-rename-n",
          "type": "int",
          "args": [
            "cc-param-1"
          ]
        },
        {
          "op": "id",
          "dest": "cc-rename-acc",
          "type": "int",
          "args": [
            "cc-param-2"
          ]
        },
        {
          "op": "const",
          "dest": "cc-rename-zero",
          "type": "int",
          "value": 0
        },
        {
          "op": "const",
          "dest": "cc-rename-one",
          "type": "int",
          "value": 1
        },
        {
          "op": "const",
          "dest": "cc-rename-two",
          "type": "int",
          "value": 2
        },
        {
          "op": "eq",
          "dest": "cc-rename-cond0",
          "type": "bool",
          "args": [
            "cc-rename-n",
            "cc-rename-zero"
          ]
        }
      ],
      "type": "int"
    },
    {
      "name": "is_even",
      "args": [
        {
          "name": "cc-rename-x",
          "type": "int"
        }
      ],
      "instrs": [
        {
          "op": "id",
          "dest": "cc-rename-x",
          "type": "int",
          "args": [
            "cc-param-0"
          ]
        },
        {
          "op": "const",
          "dest": "cc-rename-two",
          "type": "int",
          "value": 2
        },
        {
          "op": "div",
          "dest": "cc-rename-half",
          "type": "int",
          "args": [
            "cc-rename-x",
            "cc-rename-two"
          ]
        },
        {
          "op": "mul",
          "dest": "cc-rename-reconstruct",
          "type": "int",
          "args": [
            "cc-rename-half",
            "cc-rename-two"
          ]
        },
        {
          "op": "eq",
          "dest": "cc-rename-same",
          "type": "bool",
          "args": [
            "cc-rename-x",
            "cc-rename-reconstruct"
          ]
        },
        {
          "op": "id",
          "dest": "cc-ret",
          "type": "bool",
          "args": [
            "cc-rename-same"
          ]
        },
        {
          "op": "const",
          "dest": "cc-inl",
          "type": "bool",
          "value": true
        }
      ],
      "type": "bool"
    }
  ]
}