{
  "functions": [
    {
      "name": "mod",
      "args": [
        {
          "name": "cc-rename-x",
          "type": "int"
        },
        {
          "name": "cc-rename-y",
          "type": "int"
        }
      ],
      "instrs": [
        {
          "op": "id",
          "dest": "cc-rename-x",
          "type": "int",
          "args": [
            "cc-param-0"
          ]
        },
        {
          "op": "id",
          "dest": "cc-rename-y",
          "type": "int",
          "args": [
            "cc-param-1"
          ]
        },
        {
          "op": "div",
          "dest": "cc-rename-q",
          "type": "int",
          "args": [
            "cc-rename-x",
            "cc-rename-y"
          ]
        },
        {
          "op": "mul",
          "dest": "cc-rename-xq",
          "type": "int",
          "args": [
            "cc-rename-y",
            "cc-rename-q"
          ]
        },
        {
          "op": "sub",
          "dest": "cc-rename-result",
          "type": "int",
          "args": [
            "cc-rename-x",
            "cc-rename-xq"
          ]
        },
        {
          "op": "id",
          "dest": "cc-ret",
          "type": "int",
          "args": [
            "cc-rename-result"
          ]
        },
        {
          "op": "const",
          "dest": "cc-inl",
          "type": "bool",
          "value": true
        }
      ],
      "type": "int"
    }
  ]
}