{
  "functions": [
    {
      "name": "abs",
      "args": [
        {
          "name": "cc-rename-a",
          "type": "int"
        }
      ],
      "instrs": [
        {
          "op": "id",
          "dest": "cc-rename-a",
          "type": "int",
          "args": [
            "cc-param-0"
          ]
        },
        {
          "op": "const",
          "dest": "cc-rename-zero",
          "type": "int",
          "value": 0
        },
        {
          "op": "lt",
          "dest": "cc-rename-is_neg",
          "type": "bool",
          "args": [
            "cc-rename-a",
            "cc-rename-zero"
          ]
        }
      ],
      "type": "int"
    },
    {
      "name": "orders",
      "args": [
        {
          "name": "cc-rename-u",
          "type": "int"
        },
        {
          "name": "cc-rename-n",
          "type": "int"
        },
        {
          "name": "cc-rename-use_lcm",
          "type": "bool"
        }
      ],
      "instrs": [
        {
          "op": "id",
          "dest": "cc-rename-u",
          "type": "int",
          "args": [
            "cc-param-0"
          ]
        },
        {
          "op": "id",
          "dest": "cc-rename-n",
          "type": "int",
          "args": [
            "cc-param-1"
          ]
        },
        {
          "op": "id",
          "dest": "cc-rename-use_lcm",
          "type": "bool",
          "args": [
            "cc-param-2"
          ]
        },
        {
          "op": "eq",
          "dest": "cc-rename-is_term",
          "type": "bool",
          "args": [
            "cc-rename-u",
            "cc-rename-n"
          ]
        }
      ]
    },
    {
      "name": "gcd",
      "args": [
        {
          "name": "cc-rename-a",
          "type": "int"
        },
        {
          "name": "cc-rename-b",
          "type": "int"
        }
      ],
      "instrs": [
        {
          "op": "id",
          "dest": "cc-rename-a",
          "type": "int",
          "args": [
            "cc-param-0"
          ]
        },
        {
          "op": "id",
          "dest": "cc-rename-b",
          "type": "int",
          "args": [
            "cc-param-1"
          ]
        }
      ],
      "type": "int"
    },
    {
      "name": "mod",
      "args": [
        {
          "name": "cc-rename-a",
          "type": "int"
        },
        {
          "name": "cc-rename-b",
          "type": "int"
        }
      ],
      "instrs": [
        {
          "op": "id",
          "dest": "cc-rename-a",
          "type": "int",
          "args": [
            "cc-param-0"
          ]
        },
        {
          "op": "id",
          "dest": "cc-rename-b",
          "type": "int",
          "args": [
            "cc-param-1"
          ]
        },
        {
          "op": "div",
          "dest": "cc-rename-q",
          "type": "int",
          "args": [
            "cc-rename-a",
            "cc-rename-b"
          ]
        },
        {
          "op": "mul",
          "dest": "cc-rename-aq",
          "type": "int",
          "args": [
            "cc-rename-b",
            "cc-rename-q"
          ]
        },
        {
          "op": "sub",
          "dest": "cc-rename-mod",
          "type": "int",
          "args": [
            "cc-rename-a",
            "cc-rename-aq"
          ]
        },
        {
          "op": "id",
          "dest": "cc-ret",
          "type": "int",
          "args": [
            "cc-rename-mod"
          ]
        },
        {
          "op": "const",
          "dest": "cc-inl",
          "type": "bool",
          "value": true
        }
      ],
      "type": "int"
    }
  ]
}