{
  "functions": [
    {
      "name": "totient",
      "args": [
        {
          "name": "cc-rename-n",
          "type": "int"
        }
      ],
      "instrs": [
        {
          "op": "id",
          "dest": "cc-rename-n",
          "type": "int",
          "args": [
            "cc-param-0"
          ]
        },
        {
          "op": "id",
          "dest": "cc-rename-result",
          "type": "int",
          "args": [
            "cc-rename-n"
          ]
        },
        {
          "op": "const",
          "dest": "cc-rename-p",
          "type": "int",
          "value": 2
        },
        {
          "op": "const",
          "dest": "cc-rename-one",
          "type": "int",
          "value": 1
        },
        {
          "op": "const",
          "dest": "cc-rename-zero",
          "type": "int",
          "value": 0
        },
        {
          "op": "mul",
          "dest": "cc-rename-pp",
          "type": "int",
          "args": [
            "cc-rename-p",
            "cc-rename-p"
          ]
        },
        {
          "op": "le",
          "dest": "cc-rename-cond",
          "type": "bool",
          "args": [
            "cc-rename-pp",
            "cc-rename-n"
          ]
        }
      ],
      "type": "int"
    },
    {
      "name": "mod",
      "args": [
        {
          "name": "cc-rename-a",
          "type": "int"
        },
        {
          "name": "cc-rename-b",
          "type": "int"
        }
      ],
      "instrs": [
        {
          "op": "id",
          "dest": "cc-rename-a",
          "type": "int",
          "args": [
            "cc-param-0"
          ]
        },
        {
          "op": "id",
          "dest": "cc-rename-b",
          "type": "int",
          "args": [
            "cc-param-1"
          ]
        },
        {
          "op": "div",
          "dest": "cc-rename-ad",
          "type": "int",
          "args": [
            "cc-rename-a",
            "cc-rename-b"
          ]
        },
        {
          "op": "mul",
          "dest": "cc-rename-mad",
          "type": "int",
          "args": [
            "cc-rename-b",
            "cc-rename-ad"
          ]
        },
        {
          "op": "sub",
          "dest": "cc-rename-ans",
          "type": "int",
          "args": [
            "cc-rename-a",
            "cc-rename-mad"
          ]
        },
        {
          "op": "id",
          "dest": "cc-ret",
          "type": "int",
          "args": [
            "cc-rename-ans"
          ]
        },
        {
          "op": "const",
          "dest": "cc-inl",
          "type": "bool",
          "value": true
        }
      ],
      "type": "int"
    }
  ]
}